<?xml version="1.0" encoding="UTF-8"?>
<!-- Generated by org.testng.reporters.JUnitReportReporter -->
<testsuite skipped="0" hostname="boyuedeMacBook-Pro.local" name="com.test.DemoTestNG" tests="2" failures="0" timestamp="2020-11-05T14:16:30 CST" time="0.002" errors="0">
  <testcase name="case_002" time="0.000" classname="com.test.DemoTestNG"/>
  <system-out/>
  <testcase name="case_001" time="0.002" classname="com.test.DemoTestNG"/>
  <system-out/>
</testsuite> <!-- com.test.DemoTestNG -->
